<?xml version="1.0" encoding="UTF-8"?>
<robot generator="Robot 4.0.3 (Python 3.9.5 on win32)" generated="20210628 23:14:11.224" rpa="false" schemaversion="2">
<suite id="s1" name="Login Form" source="C:\qaninja\robot\web\testes\login_form.robot">
<test id="s1-t1" name="Verificar o valor ao informar o numero da lista">
<kw name="Nova sessao" library="base" type="SETUP">
<kw name="Open Browser" library="SeleniumLibrary">
<arg>${url}</arg>
<arg>chrome</arg>
<doc>Opens a new browser instance to the optional ``url``.</doc>
<msg timestamp="20210628 23:14:11.391" level="INFO">Opening browser 'chrome' to base url 'https://training-wheels-protocol.herokuapp.com/'.</msg>
<status status="PASS" starttime="20210628 23:14:11.391" endtime="20210628 23:14:26.212"/>
</kw>
<status status="PASS" starttime="20210628 23:14:11.391" endtime="20210628 23:14:26.213"/>
</kw>
<kw name="Go To" library="SeleniumLibrary">
<arg>${url}/login</arg>
<doc>Navigates the current browser window to the provided ``url``.</doc>
<msg timestamp="20210628 23:14:26.215" level="INFO">Opening url 'https://training-wheels-protocol.herokuapp.com//login'</msg>
<status status="PASS" starttime="20210628 23:14:26.214" endtime="20210628 23:14:27.136"/>
</kw>
<kw name="Login With">
<arg>stark</arg>
<arg>jarvis!</arg>
<kw name="Input Text" library="SeleniumLibrary">
<arg>css:input[name=username]</arg>
<arg>${uname}</arg>
<doc>Types the given ``text`` into the text field identified by ``locator``.</doc>
<msg timestamp="20210628 23:14:27.139" level="INFO">Typing text 'stark' into text field 'css:input[name=username]'.</msg>
<status status="PASS" starttime="20210628 23:14:27.138" endtime="20210628 23:14:27.210"/>
</kw>
<kw name="Input Text" library="SeleniumLibrary">
<arg>css:input[name=password]</arg>
<arg>${pass}</arg>
<doc>Types the given ``text`` into the text field identified by ``locator``.</doc>
<msg timestamp="20210628 23:14:27.211" level="INFO">Typing text 'jarvis!' into text field 'css:input[name=password]'.</msg>
<status status="PASS" starttime="20210628 23:14:27.210" endtime="20210628 23:14:27.264"/>
</kw>
<kw name="Click Element" library="SeleniumLibrary">
<arg>class:btn-login</arg>
<doc>Click the element identified by ``locator``.</doc>
<msg timestamp="20210628 23:14:27.265" level="INFO">Clicking element 'class:btn-login'.</msg>
<status status="PASS" starttime="20210628 23:14:27.264" endtime="20210628 23:14:28.238"/>
</kw>
<status status="PASS" starttime="20210628 23:14:27.137" endtime="20210628 23:14:28.238"/>
</kw>
<kw name="Should See Logged User">
<arg>Tony Stark</arg>
<kw name="Page Should Contain" library="SeleniumLibrary">
<arg>Olá, ${full_name}. Você acessou a área logada!</arg>
<doc>Verifies that current page contains ``text``.</doc>
<msg timestamp="20210628 23:14:28.251" level="INFO">Current page contains text 'Olá, Tony Stark. Você acessou a área logada!'.</msg>
<status status="PASS" starttime="20210628 23:14:28.239" endtime="20210628 23:14:28.251"/>
</kw>
<status status="PASS" starttime="20210628 23:14:28.239" endtime="20210628 23:14:28.251"/>
</kw>
<kw name="Encerra sessao" library="base" type="TEARDOWN">
<kw name="Capture Page Screenshot" library="SeleniumLibrary">
<doc>Takes a screenshot of the current page and embeds it into a log file.</doc>
<msg timestamp="20210628 23:14:28.449" level="INFO" html="true">&lt;/td&gt;&lt;/tr&gt;&lt;tr&gt;&lt;td colspan="3"&gt;&lt;a href="selenium-screenshot-6.png"&gt;&lt;img src="selenium-screenshot-6.png" width="800px"&gt;&lt;/a&gt;</msg>
<status status="PASS" starttime="20210628 23:14:28.252" endtime="20210628 23:14:28.449"/>
</kw>
<kw name="Close Browser" library="SeleniumLibrary">
<doc>Closes the current browser.</doc>
<status status="PASS" starttime="20210628 23:14:28.450" endtime="20210628 23:14:30.621"/>
</kw>
<status status="PASS" starttime="20210628 23:14:28.251" endtime="20210628 23:14:30.621"/>
</kw>
<status status="PASS" starttime="20210628 23:14:11.390" endtime="20210628 23:14:30.622"/>
</test>
<test id="s1-t2" name="Senha inválida">
<kw name="Nova sessao" library="base" type="SETUP">
<kw name="Open Browser" library="SeleniumLibrary">
<arg>${url}</arg>
<arg>chrome</arg>
<doc>Opens a new browser instance to the optional ``url``.</doc>
<msg timestamp="20210628 23:14:30.624" level="INFO">Opening browser 'chrome' to base url 'https://training-wheels-protocol.herokuapp.com/'.</msg>
<status status="PASS" starttime="20210628 23:14:30.624" endtime="20210628 23:14:37.412"/>
</kw>
<status status="PASS" starttime="20210628 23:14:30.624" endtime="20210628 23:14:37.412"/>
</kw>
<kw name="Go To" library="SeleniumLibrary">
<arg>${url}/login</arg>
<doc>Navigates the current browser window to the provided ``url``.</doc>
<msg timestamp="20210628 23:14:37.412" level="INFO">Opening url 'https://training-wheels-protocol.herokuapp.com//login'</msg>
<status status="PASS" starttime="20210628 23:14:37.412" endtime="20210628 23:14:38.232"/>
</kw>
<kw name="Login With">
<arg>stark</arg>
<arg>abc123!</arg>
<kw name="Input Text" library="SeleniumLibrary">
<arg>css:input[name=username]</arg>
<arg>${uname}</arg>
<doc>Types the given ``text`` into the text field identified by ``locator``.</doc>
<msg timestamp="20210628 23:14:38.234" level="INFO">Typing text 'stark' into text field 'css:input[name=username]'.</msg>
<status status="PASS" starttime="20210628 23:14:38.233" endtime="20210628 23:14:38.291"/>
</kw>
<kw name="Input Text" library="SeleniumLibrary">
<arg>css:input[name=password]</arg>
<arg>${pass}</arg>
<doc>Types the given ``text`` into the text field identified by ``locator``.</doc>
<msg timestamp="20210628 23:14:38.291" level="INFO">Typing text 'abc123!' into text field 'css:input[name=password]'.</msg>
<status status="PASS" starttime="20210628 23:14:38.291" endtime="20210628 23:14:38.344"/>
</kw>
<kw name="Click Element" library="SeleniumLibrary">
<arg>class:btn-login</arg>
<doc>Click the element identified by ``locator``.</doc>
<msg timestamp="20210628 23:14:38.345" level="INFO">Clicking element 'class:btn-login'.</msg>
<status status="PASS" starttime="20210628 23:14:38.344" endtime="20210628 23:14:38.830"/>
</kw>
<status status="PASS" starttime="20210628 23:14:38.233" endtime="20210628 23:14:38.830"/>
</kw>
<kw name="Should Contain Login Alert">
<arg>Senha é invalida!</arg>
<kw name="Get WebElement" library="SeleniumLibrary">
<var>${message}</var>
<arg>id:flash</arg>
<doc>Returns the first WebElement matching the given ``locator``.</doc>
<msg timestamp="20210628 23:14:38.872" level="INFO">${message} = &lt;selenium.webdriver.remote.webelement.WebElement (session="292054b7dbdfb3b8aed536ad2fba0d04", element="083a52c8-ac83-4940-ad84-b4a0e404f317")&gt;</msg>
<status status="PASS" starttime="20210628 23:14:38.831" endtime="20210628 23:14:38.872"/>
</kw>
<kw name="Should Contain" library="BuiltIn">
<arg>${message.text}</arg>
<arg>${expected_message}</arg>
<doc>Fails if ``container`` does not contain ``item`` one or more times.</doc>
<status status="PASS" starttime="20210628 23:14:38.872" endtime="20210628 23:14:38.885"/>
</kw>
<status status="PASS" starttime="20210628 23:14:38.831" endtime="20210628 23:14:38.885"/>
</kw>
<kw name="Encerra sessao" library="base" type="TEARDOWN">
<kw name="Capture Page Screenshot" library="SeleniumLibrary">
<doc>Takes a screenshot of the current page and embeds it into a log file.</doc>
<msg timestamp="20210628 23:14:39.058" level="INFO" html="true">&lt;/td&gt;&lt;/tr&gt;&lt;tr&gt;&lt;td colspan="3"&gt;&lt;a href="selenium-screenshot-7.png"&gt;&lt;img src="selenium-screenshot-7.png" width="800px"&gt;&lt;/a&gt;</msg>
<status status="PASS" starttime="20210628 23:14:38.886" endtime="20210628 23:14:39.058"/>
</kw>
<kw name="Close Browser" library="SeleniumLibrary">
<doc>Closes the current browser.</doc>
<status status="PASS" starttime="20210628 23:14:39.058" endtime="20210628 23:14:41.244"/>
</kw>
<status status="PASS" starttime="20210628 23:14:38.886" endtime="20210628 23:14:41.244"/>
</kw>
<tag>login_error</tag>
<status status="PASS" starttime="20210628 23:14:30.623" endtime="20210628 23:14:41.245"/>
</test>
<test id="s1-t3" name="Senha inválida">
<kw name="Nova sessao" library="base" type="SETUP">
<kw name="Open Browser" library="SeleniumLibrary">
<arg>${url}</arg>
<arg>chrome</arg>
<doc>Opens a new browser instance to the optional ``url``.</doc>
<msg timestamp="20210628 23:14:41.248" level="INFO">Opening browser 'chrome' to base url 'https://training-wheels-protocol.herokuapp.com/'.</msg>
<status status="PASS" starttime="20210628 23:14:41.248" endtime="20210628 23:14:53.182"/>
</kw>
<status status="PASS" starttime="20210628 23:14:41.247" endtime="20210628 23:14:53.182"/>
</kw>
<kw name="Go To" library="SeleniumLibrary">
<arg>${url}/login</arg>
<doc>Navigates the current browser window to the provided ``url``.</doc>
<msg timestamp="20210628 23:14:53.183" level="INFO">Opening url 'https://training-wheels-protocol.herokuapp.com//login'</msg>
<status status="PASS" starttime="20210628 23:14:53.183" endtime="20210628 23:14:54.209"/>
</kw>
<kw name="Login With">
<arg>camila</arg>
<arg>cba123!</arg>
<kw name="Input Text" library="SeleniumLibrary">
<arg>css:input[name=username]</arg>
<arg>${uname}</arg>
<doc>Types the given ``text`` into the text field identified by ``locator``.</doc>
<msg timestamp="20210628 23:14:54.211" level="INFO">Typing text 'camila' into text field 'css:input[name=username]'.</msg>
<status status="PASS" starttime="20210628 23:14:54.210" endtime="20210628 23:14:54.294"/>
</kw>
<kw name="Input Text" library="SeleniumLibrary">
<arg>css:input[name=password]</arg>
<arg>${pass}</arg>
<doc>Types the given ``text`` into the text field identified by ``locator``.</doc>
<msg timestamp="20210628 23:14:54.295" level="INFO">Typing text 'cba123!' into text field 'css:input[name=password]'.</msg>
<status status="PASS" starttime="20210628 23:14:54.294" endtime="20210628 23:14:54.391"/>
</kw>
<kw name="Click Element" library="SeleniumLibrary">
<arg>class:btn-login</arg>
<doc>Click the element identified by ``locator``.</doc>
<msg timestamp="20210628 23:14:54.392" level="INFO">Clicking element 'class:btn-login'.</msg>
<status status="PASS" starttime="20210628 23:14:54.391" endtime="20210628 23:14:54.919"/>
</kw>
<status status="PASS" starttime="20210628 23:14:54.210" endtime="20210628 23:14:54.919"/>
</kw>
<kw name="Should Contain Login Alert">
<arg>O usuário informado não está cadastrado!</arg>
<kw name="Get WebElement" library="SeleniumLibrary">
<var>${message}</var>
<arg>id:flash</arg>
<doc>Returns the first WebElement matching the given ``locator``.</doc>
<msg timestamp="20210628 23:14:54.960" level="INFO">${message} = &lt;selenium.webdriver.remote.webelement.WebElement (session="a35ad9ab0500cdb6660a90d4c5433e4b", element="acd34cfb-e302-4b31-add4-8ba17be7a7db")&gt;</msg>
<status status="PASS" starttime="20210628 23:14:54.921" endtime="20210628 23:14:54.960"/>
</kw>
<kw name="Should Contain" library="BuiltIn">
<arg>${message.text}</arg>
<arg>${expected_message}</arg>
<doc>Fails if ``container`` does not contain ``item`` one or more times.</doc>
<status status="PASS" starttime="20210628 23:14:54.960" endtime="20210628 23:14:54.981"/>
</kw>
<status status="PASS" starttime="20210628 23:14:54.920" endtime="20210628 23:14:54.981"/>
</kw>
<kw name="Encerra sessao" library="base" type="TEARDOWN">
<kw name="Capture Page Screenshot" library="SeleniumLibrary">
<doc>Takes a screenshot of the current page and embeds it into a log file.</doc>
<msg timestamp="20210628 23:14:55.235" level="INFO" html="true">&lt;/td&gt;&lt;/tr&gt;&lt;tr&gt;&lt;td colspan="3"&gt;&lt;a href="selenium-screenshot-8.png"&gt;&lt;img src="selenium-screenshot-8.png" width="800px"&gt;&lt;/a&gt;</msg>
<status status="PASS" starttime="20210628 23:14:54.983" endtime="20210628 23:14:55.236"/>
</kw>
<kw name="Close Browser" library="SeleniumLibrary">
<doc>Closes the current browser.</doc>
<status status="PASS" starttime="20210628 23:14:55.236" endtime="20210628 23:14:57.477"/>
</kw>
<status status="PASS" starttime="20210628 23:14:54.982" endtime="20210628 23:14:57.477"/>
</kw>
<tag>login_user404</tag>
<status status="PASS" starttime="20210628 23:14:41.247" endtime="20210628 23:14:57.478"/>
</test>
<status status="PASS" starttime="20210628 23:14:11.225" endtime="20210628 23:14:57.480"/>
</suite>
<statistics>
<total>
<stat pass="3" fail="0" skip="0">All Tests</stat>
</total>
<tag>
<stat pass="1" fail="0" skip="0">login_error</stat>
<stat pass="1" fail="0" skip="0">login_user404</stat>
</tag>
<suite>
<stat pass="3" fail="0" skip="0" id="s1" name="Login Form">Login Form</stat>
</suite>
</statistics>
<errors>
<msg timestamp="20210628 23:14:41.246" level="WARN">Multiple test cases with name 'Senha inválida' executed in test suite 'Login Form'.</msg>
</errors>
</robot>
