<?xml version="1.0" encoding="UTF-8"?>
<robot generator="Robot 3.2.2 (Python 3.9.1 on win32)" generated="20210224 21:10:54.639" rpa="false">
<suite id="s1" name="Player" source="C:\rfw\parodify\tests\player.robot">
<test id="s1-t1" name="Reproduzir paródia Bug de Manhã">
<kw name="Open Login Page" library="login">
<kw name="New Browser" library="Browser">
<tags>
<tag>BrowserControl</tag>
<tag>Setter</tag>
</tags>
<doc>Create a new playwright Browser with specified options.
See `Browser, Context and Page` for more information about Browser and related concepts.</doc>
<arguments>
<arg>chromium</arg>
<arg>false</arg>
</arguments>
<msg timestamp="20210224 21:10:55.358" level="INFO">{"browser": "chromium", "headless": false, "handleSIGINT": true, "handleSIGTERM": true, "handleSIGHUP": true, "timeout": 30000.0, "devtools": false, "slowMo": 0.0}</msg>
<msg timestamp="20210224 21:10:57.083" level="INFO">Successfully created browser with options: {"browser":"chromium","headless":false,"handleSIGINT":true,"handleSIGTERM":true,"handleSIGHUP":true,"timeout":30000,"devtools":false,"slowMo":0}</msg>
<status status="PASS" starttime="20210224 21:10:55.357" endtime="20210224 21:10:57.084"></status>
</kw>
<kw name="New Page" library="Browser">
<tags>
<tag>BrowserControl</tag>
<tag>Setter</tag>
</tags>
<doc>Open a new Page. A Page is the Playwright equivalent to a tab.
See `Browser, Context and Page` for more information about Page concept.
Returns a stable identifier for the created page.</doc>
<arguments>
<arg>http://parodify.herokuapp.com/users/sign_in</arg>
</arguments>
<msg timestamp="20210224 21:11:01.065" level="INFO">Successfully initialized new page object and opened url: http://parodify.herokuapp.com/users/sign_in</msg>
<status status="PASS" starttime="20210224 21:10:57.084" endtime="20210224 21:11:01.065"></status>
</kw>
<status status="PASS" starttime="20210224 21:10:55.357" endtime="20210224 21:11:01.065"></status>
</kw>
<kw name="Login With" library="login">
<arguments>
<arg>papito@parodify.com</arg>
<arg>pwd123</arg>
</arguments>
<kw name="Fill Text" library="Browser">
<tags>
<tag>PageContent</tag>
<tag>Setter</tag>
</tags>
<doc>Clears and fills the given ``text`` into the text field found by ``selector``.</doc>
<arguments>
<arg>css=input[name*=email]</arg>
<arg>${email_arg}</arg>
</arguments>
<msg timestamp="20210224 21:11:01.067" level="INFO">Fills the text 'papito@parodify.com' in the given field.</msg>
<status status="PASS" starttime="20210224 21:11:01.066" endtime="20210224 21:11:01.122"></status>
</kw>
<kw name="Fill Text" library="Browser">
<tags>
<tag>PageContent</tag>
<tag>Setter</tag>
</tags>
<doc>Clears and fills the given ``text`` into the text field found by ``selector``.</doc>
<arguments>
<arg>css=#user_password</arg>
<arg>${pass_arg}</arg>
</arguments>
<msg timestamp="20210224 21:11:01.123" level="INFO">Fills the text 'pwd123' in the given field.</msg>
<status status="PASS" starttime="20210224 21:11:01.122" endtime="20210224 21:11:01.147"></status>
</kw>
<kw name="Click" library="Browser">
<tags>
<tag>PageContent</tag>
<tag>Setter</tag>
</tags>
<doc>Simulates mouse click on the element found by ``selector``.</doc>
<arguments>
<arg>css=input[value='Log in']</arg>
</arguments>
<status status="PASS" starttime="20210224 21:11:01.148" endtime="20210224 21:11:01.939"></status>
</kw>
<status status="PASS" starttime="20210224 21:11:01.066" endtime="20210224 21:11:01.939"></status>
</kw>
<kw name="Logout Link Should Be Visible" library="home_logada">
<kw name="Wait For Elements State" library="Browser">
<tags>
<tag>PageContent</tag>
<tag>Wait</tag>
</tags>
<doc>Waits for the element found by ``selector`` to satisfy state option.</doc>
<arguments>
<arg>${Logout_link}</arg>
<arg>visible</arg>
<arg>10</arg>
</arguments>
<msg timestamp="20210224 21:11:02.212" level="INFO">Wait for Element with selector: css=a[href$=sign_out]</msg>
<status status="PASS" starttime="20210224 21:11:01.941" endtime="20210224 21:11:02.213"></status>
</kw>
<status status="PASS" starttime="20210224 21:11:01.941" endtime="20210224 21:11:02.213"></status>
</kw>
<kw name="Go To Search Page" library="home_logada">
<kw name="Click" library="Browser">
<tags>
<tag>PageContent</tag>
<tag>Setter</tag>
</tags>
<doc>Simulates mouse click on the element found by ``selector``.</doc>
<arguments>
<arg>css=a[href*=search]</arg>
</arguments>
<status status="PASS" starttime="20210224 21:11:02.214" endtime="20210224 21:11:02.258"></status>
</kw>
<kw name="Wait For Elements State" library="Browser">
<tags>
<tag>PageContent</tag>
<tag>Wait</tag>
</tags>
<doc>Waits for the element found by ``selector`` to satisfy state option.</doc>
<arguments>
<arg>xpath=//h2[contains(text(), "Buscar")]</arg>
<arg>visible</arg>
<arg>5</arg>
</arguments>
<msg timestamp="20210224 21:11:02.923" level="INFO">Wait for Element with selector: xpath=//h2[contains(text(), "Buscar")]</msg>
<status status="PASS" starttime="20210224 21:11:02.258" endtime="20210224 21:11:02.924"></status>
</kw>
<status status="PASS" starttime="20210224 21:11:02.214" endtime="20210224 21:11:02.924"></status>
</kw>
<kw name="Go to Sertanejo Category" library="search">
<kw name="Click" library="Browser">
<tags>
<tag>PageContent</tag>
<tag>Setter</tag>
</tags>
<doc>Simulates mouse click on the element found by ``selector``.</doc>
<arguments>
<arg>xpath=//img[contains(@src, "sertanejo.png")]/..</arg>
</arguments>
<status status="PASS" starttime="20210224 21:11:02.925" endtime="20210224 21:11:03.436"></status>
</kw>
<kw name="Wait For Elements State" library="Browser">
<tags>
<tag>PageContent</tag>
<tag>Wait</tag>
</tags>
<doc>Waits for the element found by ``selector`` to satisfy state option.</doc>
<arguments>
<arg>xpath=//h2[contains(text(), "Sertanejo")]</arg>
<arg>visible</arg>
<arg>5</arg>
</arguments>
<msg timestamp="20210224 21:11:03.953" level="INFO">Wait for Element with selector: xpath=//h2[contains(text(), "Sertanejo")]</msg>
<status status="PASS" starttime="20210224 21:11:03.436" endtime="20210224 21:11:03.954"></status>
</kw>
<status status="PASS" starttime="20210224 21:11:02.924" endtime="20210224 21:11:03.954"></status>
</kw>
<kw name="Open Album From" library="cat">
<arguments>
<arg>Marcus e Debug</arg>
</arguments>
<kw name="Click" library="Browser">
<tags>
<tag>PageContent</tag>
<tag>Setter</tag>
</tags>
<doc>Simulates mouse click on the element found by ``selector``.</doc>
<arguments>
<arg>xpath=//p[contains(text(), "${artist_name}")]/..</arg>
</arguments>
<status status="PASS" starttime="20210224 21:11:03.955" endtime="20210224 21:11:04.006"></status>
</kw>
<kw name="Wait For Elements State" library="Browser">
<tags>
<tag>PageContent</tag>
<tag>Wait</tag>
</tags>
<doc>Waits for the element found by ``selector`` to satisfy state option.</doc>
<arguments>
<arg>xpath=//h2[contains(text(), "Músicas")]</arg>
<arg>visible</arg>
<arg>5</arg>
</arguments>
<msg timestamp="20210224 21:11:04.554" level="INFO">Wait for Element with selector: xpath=//h2[contains(text(), "Músicas")]</msg>
<status status="PASS" starttime="20210224 21:11:04.006" endtime="20210224 21:11:04.555"></status>
</kw>
<status status="PASS" starttime="20210224 21:11:03.954" endtime="20210224 21:11:04.555"></status>
</kw>
<kw name="Play Song" library="album">
<arguments>
<arg>Bug de Manhã</arg>
</arguments>
<kw name="Click" library="Browser">
<tags>
<tag>PageContent</tag>
<tag>Setter</tag>
</tags>
<doc>Simulates mouse click on the element found by ``selector``.</doc>
<arguments>
<arg>xpath=//h2[contains(text(), "${song_name}")]/../..//div[contains(@class, "play")]//a</arg>
</arguments>
<status status="PASS" starttime="20210224 21:11:04.556" endtime="20210224 21:11:04.604"></status>
</kw>
<status status="PASS" starttime="20210224 21:11:04.555" endtime="20210224 21:11:04.604"></status>
</kw>
<kw name="Song Should Be Playing" library="album">
<arguments>
<arg>Bug de Manhã</arg>
</arguments>
<kw name="Get Style" library="Browser">
<tags>
<tag>Assertion</tag>
<tag>Getter</tag>
<tag>PageContent</tag>
</tags>
<doc>Gets the computed style properties of the element selected by ``selector``.</doc>
<arguments>
<arg>xpath=//h2[contains(text(), "${song_name}")]/../../..</arg>
<arg>color</arg>
<arg>equal</arg>
<arg>rgb(225, 0, 180)</arg>
</arguments>
<msg timestamp="20210224 21:11:04.618" level="INFO">Value of key: color</msg>
<msg timestamp="20210224 21:11:04.618" level="INFO">Value of selected property: rgb(225, 0, 180)</msg>
<status status="PASS" starttime="20210224 21:11:04.605" endtime="20210224 21:11:04.618"></status>
</kw>
<status status="PASS" starttime="20210224 21:11:04.604" endtime="20210224 21:11:04.618"></status>
</kw>
<kw name="Take Screenshot" library="Browser" type="teardown">
<tags>
<tag>PageContent</tag>
</tags>
<doc>Takes a screenshot of the current window and saves it to ``path``. Saves it as a png.</doc>
<msg timestamp="20210224 21:11:04.962" level="INFO" html="yes">&lt;/td&gt;&lt;/tr&gt;&lt;tr&gt;&lt;td colspan="3"&gt;&lt;a href="browser/screenshot/robotframework-browser-screenshot-30.png"&gt;&lt;img src="browser/screenshot/robotframework-browser-screenshot-30.png" width="800px"&gt;&lt;/a&gt;</msg>
<status status="PASS" starttime="20210224 21:11:04.619" endtime="20210224 21:11:04.963"></status>
</kw>
<status status="PASS" starttime="20210224 21:10:55.351" endtime="20210224 21:11:04.963" critical="yes"></status>
</test>
<doc>Testando o player de paródias</doc>
<status status="PASS" starttime="20210224 21:10:54.640" endtime="20210224 21:11:05.079"></status>
</suite>
<statistics>
<total>
<stat pass="1" fail="0">Critical Tests</stat>
<stat pass="1" fail="0">All Tests</stat>
</total>
<tag>
</tag>
<suite>
<stat pass="1" fail="0" id="s1" name="Player">Player</stat>
</suite>
</statistics>
<errors>
</errors>
</robot>
