<?xml version="1.0" encoding="UTF-8"?>
<robot generator="Robot 4.0.3 (Python 3.9.5 on win32)" generated="20210622 16:13:15.670" rpa="false" schemaversion="2">
<suite id="s1" name="Test" source="c:\qaninja\robot\test.robot">
<test id="s1-t1" name="Deve retornar mensagem de boas vindas">
<kw name="Welcome" library="app">
<var>${result}</var>
<arg>Camila</arg>
<msg timestamp="20210622 16:13:15.690" level="INFO">${result} = Ola Camila, Bem vindo ao curso básico de robot framework!</msg>
<status status="PASS" starttime="20210622 16:13:15.690" endtime="20210622 16:13:15.691"/>
</kw>
<kw name="Should Be Equal" library="BuiltIn">
<arg>${result}</arg>
<arg>Ola Camila, Bem vindo ao curso básico de robot framework!</arg>
<doc>Fails if the given objects are unequal.</doc>
<status status="PASS" starttime="20210622 16:13:15.691" endtime="20210622 16:13:15.692"/>
</kw>
<status status="PASS" starttime="20210622 16:13:15.690" endtime="20210622 16:13:15.692"/>
</test>
<status status="PASS" starttime="20210622 16:13:15.671" endtime="20210622 16:13:15.693"/>
</suite>
<statistics>
<total>
<stat pass="1" fail="0" skip="0">All Tests</stat>
</total>
<tag>
</tag>
<suite>
<stat pass="1" fail="0" skip="0" id="s1" name="Test">Test</stat>
</suite>
</statistics>
<errors>
</errors>
</robot>
